E:\C_LEARNING\CONTEST\台州学院天体\7-10\7-10\DEBUG\源.OBJ
E:\C_LEARNING\CONTEST\台州学院天体\7-10\7-10\DEBUG\VC110.PDB
E:\C_LEARNING\CONTEST\台州学院天体\7-10\DEBUG\7-10.ILK
E:\C_LEARNING\CONTEST\台州学院天体\7-10\DEBUG\7-10.EXE
E:\C_LEARNING\CONTEST\台州学院天体\7-10\DEBUG\7-10.PDB
E:\C_learning\contest\台州学院天体\7-10\7-10\Debug\cl.command.1.tlog
E:\C_learning\contest\台州学院天体\7-10\7-10\Debug\CL.read.1.tlog
E:\C_learning\contest\台州学院天体\7-10\7-10\Debug\CL.write.1.tlog
E:\C_learning\contest\台州学院天体\7-10\7-10\Debug\link-cvtres.read.1.tlog
E:\C_learning\contest\台州学院天体\7-10\7-10\Debug\link-cvtres.write.1.tlog
E:\C_learning\contest\台州学院天体\7-10\7-10\Debug\link-rc.read.1.tlog
E:\C_learning\contest\台州学院天体\7-10\7-10\Debug\link-rc.write.1.tlog
E:\C_learning\contest\台州学院天体\7-10\7-10\Debug\link.command.1.tlog
E:\C_learning\contest\台州学院天体\7-10\7-10\Debug\link.read.1.tlog
E:\C_learning\contest\台州学院天体\7-10\7-10\Debug\link.write.1.tlog
E:\C_learning\contest\台州学院天体\7-10\7-10\Debug\vc110.idb
E:\C_learning\contest\台州学院天体\7-10\7-10\Debug\vc110.pdb
E:\C_learning\contest\台州学院天体\7-10\Debug\7-10.pdb
E:\C_learning\contest\台州学院天体\7-10\Debug\7-10.exe
E:\C_learning\contest\台州学院天体\7-10\Debug\7-10.ilk
