E:\C_LEARNING\OJ\PAT\1136\1136\DEBUG\1136.CPP.NATIVECODEANALYSIS.XML
E:\C_LEARNING\OJ\PAT\1136\1136\DEBUG\1136.OBJ
E:\C_LEARNING\OJ\PAT\1136\1136\DEBUG\VC110.PDB
E:\C_LEARNING\OJ\PAT\1136\DEBUG\1136.ILK
E:\C_LEARNING\OJ\PAT\1136\DEBUG\1136.EXE
E:\C_LEARNING\OJ\PAT\1136\DEBUG\1136.PDB
E:\C_learning\OJ\PAT\1136\1136\Debug\1136.obj
E:\C_learning\OJ\PAT\1136\1136\Debug\cl.command.1.tlog
E:\C_learning\OJ\PAT\1136\1136\Debug\CL.read.1.tlog
E:\C_learning\OJ\PAT\1136\1136\Debug\CL.write.1.tlog
E:\C_learning\OJ\PAT\1136\1136\Debug\link-cvtres.read.1.tlog
E:\C_learning\OJ\PAT\1136\1136\Debug\link-cvtres.write.1.tlog
E:\C_learning\OJ\PAT\1136\1136\Debug\link-rc.read.1.tlog
E:\C_learning\OJ\PAT\1136\1136\Debug\link-rc.write.1.tlog
E:\C_learning\OJ\PAT\1136\1136\Debug\link.command.1.tlog
E:\C_learning\OJ\PAT\1136\1136\Debug\link.read.1.tlog
E:\C_learning\OJ\PAT\1136\1136\Debug\link.write.1.tlog
E:\C_learning\OJ\PAT\1136\1136\Debug\NativeCodeAnalysis.read.1.tlog
E:\C_learning\OJ\PAT\1136\1136\Debug\vc110.idb
E:\C_learning\OJ\PAT\1136\1136\Debug\vc110.pdb
E:\C_learning\OJ\PAT\1136\1136\Debug\1136.cpp.nativecodeanalysis.xml
E:\C_learning\OJ\PAT\1136\1136\Debug\vc.nativecodeanalysis.all.xml
E:\C_learning\OJ\PAT\1136\Debug\1136.pdb
E:\C_learning\OJ\PAT\1136\Debug\1136.exe
E:\C_learning\OJ\PAT\1136\Debug\1136.ilk
E:\C_learning\OJ\PAT\1136\Debug\1136.exe.lastcodeanalysissucceeded
